[2026-03-10 19:11:55] ============================================================
[2026-03-10 19:11:55] 🔥 MindForge v1.0 - Extended Mind Engine
[2026-03-10 19:11:55] 📊 Cycle interval: 60s
[2026-03-10 19:11:55] 💾 Max memory: 500MB
[2026-03-10 19:11:55] 🎯 Auto-convergence: True
[2026-03-10 19:11:55] ============================================================
[2026-03-10 19:11:55] 
============================================================
[2026-03-10 19:11:55] [CYCLE 1] Starting at 19:11:55
[2026-03-10 19:11:55] 📍 Focus: How could elastic block storage product involve with the trend of artificial int...
[2026-03-10 19:11:55]   🔍 Searching: How could elastic block storage product involve with the tre...
[2026-03-10 19:11:55]   📚 Found 0 sources
[2026-03-10 19:12:23]   💡 Generated 0 insights, 0 new questions
[2026-03-10 19:12:23]   🔄 No new questions - convergence review #1
[2026-03-10 19:12:23] ❌ ERROR: 'answered'
Traceback (most recent call last):
  File "convergence.py", line 432, in main
    cycle_num, converged = run_thinking_cycle(cycle_num, config)
  File "convergence.py", line 408, in run_thinking_cycle
    """
KeyError: 'answered'

During handling of the above exception, another exception occurred:

Traceback (most recent call last):
  File "convergence.py", line 450, in <module>
    main()
  File "convergence.py", line 444, [2026-03-10 19:13:05] 
============================================================
[2026-03-10 19:13:05] [CYCLE 6] 19:13:05
[2026-03-10 19:13:05]   💡 Insights: 1, New Questions: 0
[2026-03-10 19:13:05] [WAIT] 60s...
[2026-03-10 19:14:05] 
============================================================
[2026-03-10 19:14:05] [CYCLE 7] 19:14:05
[2026-03-10 19:14:05]   💡 Insights: 1, New Questions: 1
[2026-03-10 19:14:05] [WAIT] 60s...
[2026-03-10 19:15:05] 
============================================================
[2026-03-10 19:15:05] [CYCLE 8] 19:15:05
[2026-03-10 19:15:05]   💡 Insights: 1, New Questions: 0
[2026-03-10 19:15:05] [WAIT] 60s...
[2026-03-10 19:16:05] 
============================================================
[2026-03-10 19:16:05] [CYCLE 9] 19:16:05
[2026-03-10 19:16:05]   💡 Insights: 1, New Questions: 1
[2026-03-10 19:16:05] [WAIT] 60s...
[2026-03-10 19:17:05] 
============================================================
[2026-03-10 19:17:05] [CYCLE 10] 19:17:05
[2026-03-10 19:17:05]   💡 Insights: 1, New Questions: 0
[2026-03-10 19:17:05] [WAIT] 60s...
[2026-03-10 19:18:06] 
============================================================
[2026-03-10 19:18:06] [CYCLE 11] 19:18:06
[2026-03-10 19:18:06]   💡 Insights: 0, New Questions: 0
[2026-03-10 19:18:06] [WAIT] 60s...
[2026-03-10 19:19:06] 
============================================================
[2026-03-10 19:19:06] [CYCLE 12] 19:19:06
[2026-03-10 19:19:06]   💡 Insights: 0, New Questions: 0
[2026-03-10 19:19:06] [WAIT] 60s...
[2026-03-10 19:20:06] 
============================================================
[2026-03-10 19:20:06] [CYCLE 13] 19:20:06
[2026-03-10 19:20:06]   💡 Insights: 0, New Questions: 0
[2026-03-10 19:20:06] [WAIT] 60s...
[2026-03-10 19:21:06] 
============================================================
[2026-03-10 19:21:06] [CYCLE 14] 19:21:06
[2026-03-10 19:21:06]   💡 Insights: 0, New Questions: 0
[2026-03-10 19:21:06] [WAIT] 60s...
[2026-03-10 19:22:06] 
============================================================
[2026-03-10 19:22:06] [CYCLE 15] 19:22:06
[2026-03-10 19:22:06]   💡 Insights: 0, New Questions: 0
[2026-03-10 19:22:06] [WAIT] 60s...
[2026-03-10 19:23:06] 
============================================================
[2026-03-10 19:23:06] [CYCLE 16] 19:23:06
[2026-03-10 19:23:06]   💡 Insights: 0, New Questions: 0
[2026-03-10 19:23:06] [WAIT] 60s...
[2026-03-10 19:24:06] 
============================================================
[2026-03-10 19:24:06] [CYCLE 17] 19:24:06
[2026-03-10 19:24:06]   💡 Insights: 0, New Questions: 0
[2026-03-10 19:24:06] [WAIT] 60s...
[2026-03-10 19:25:06] 
============================================================
[2026-03-10 19:25:06] [CYCLE 18] 19:25:06
[2026-03-10 19:25:06]   💡 Insights: 0, New Questions: 0
[2026-03-10 19:25:06] [WAIT] 60s...
[2026-03-10 19:26:06] 
============================================================
[2026-03-10 19:26:06] [CYCLE 19] 19:26:06
[2026-03-10 19:26:06]   💡 Insights: 0, New Questions: 0
[2026-03-10 19:26:06] [WAIT] 60s...
[2026-03-10 19:27:06] 
============================================================
[2026-03-10 19:27:06] [CYCLE 20] 19:27:06
[2026-03-10 19:27:06]   💡 Insights: 0, New Questions: 0
[2026-03-10 19:27:06]   🎯 CONVERGENCE REACHED!
[2026-03-10 19:27:06] 
✨ Session complete!
27:06] 
============================================================
[2026-03-10 19:27:06] [CYCLE 20] 19:27:06
[2026-03-10 19:27:06]   💡 Insights: 0, New Questions: 0
[2026-03-10 19:27:06]   🎯 CONVERGENCE REACHED!
[2026-03-10 19:27:06] 
✨ Session complete!
